<?xml version="1.0" encoding="UTF-8"?>
<!-- Generated by org.testng.reporters.JUnitReportReporter -->
<testsuite skipped="0" hostname="Hitendra-PC" name="com.mystore.testcases.AccountCreationPageTest" tests="1" failures="0" timestamp="2020-07-17T23:42:09 IST" time="28.432" errors="0">
  <testcase name="verifyCreateAccountPageTest" time="28.432" classname="com.mystore.testcases.AccountCreationPageTest"/>
  <system-out/>
</testsuite> <!-- com.mystore.testcases.AccountCreationPageTest -->
