<?xml version="1.0" encoding="UTF-8"?>
<!-- Generated by org.testng.reporters.JUnitReportReporter -->
<testsuite skipped="0" hostname="Hitendra-PC" name="com.mystore.testcases.SearchResultPageTest" tests="1" failures="0" timestamp="2020-07-17T23:42:09 IST" time="22.620" errors="0">
  <testcase name="productAvailabilityTest" time="22.620" classname="com.mystore.testcases.SearchResultPageTest"/>
  <system-out/>
</testsuite> <!-- com.mystore.testcases.SearchResultPageTest -->
