<?xml version="1.0" encoding="UTF-8"?>
<!-- Generated by org.testng.reporters.JUnitReportReporter -->
<testsuite skipped="0" hostname="Hitendra-PC" name="com.mystore.testcases.LoginPageTest" tests="1" failures="0" timestamp="2020-07-17T23:42:09 IST" time="26.922" errors="0">
  <testcase name="loginTest" time="26.922" classname="com.mystore.testcases.LoginPageTest"/>
  <system-out/>
</testsuite> <!-- com.mystore.testcases.LoginPageTest -->
